> Task :app:preBuild UP-TO-DATE
> Task :app:preDebugBuild UP-TO-DATE
> Task :app:mergeDebugNativeDebugMetadata NO-SOURCE
> Task :app:checkDebugAarMetadata FAILED

[Incubating] Problems report is available at: file:///Users/shazej/Documents/tasks/ormmakkurippu/ormmakurippu/android/CallTrackerAndroid/build/reports/problems/problems-report.html

FAILURE: Build failed with an exception.

* What went wrong:
Execution failed for task ':app:checkDebugAarMetadata'.
> Configuration `:app:debugRuntimeClasspath` contains AndroidX dependencies, but the `android.useAndroidX` property is not enabled, which may cause runtime issues.
  Set `android.useAndroidX=true` in the `gradle.properties` file and retry.
  The following AndroidX dependencies are detected:
  :app:debugRuntimeClasspath -> androidx.compose.ui:ui-tooling:1.6.7
  :app:debugRuntimeClasspath -> androidx.compose:compose-bom:2024.05.00 -> androidx.compose.ui:ui-tooling-android:1.6.7
  :app:debugRuntimeClasspath -> androidx.activity:activity-compose:1.9.0
  :app:debugRuntimeClasspath -> androidx.hilt:hilt-navigation-compose:1.2.0 -> androidx.hilt:hilt-navigation:1.2.0 -> androidx.navigation:navigation-runtime:2.7.7 -> androidx.activity:activity-ktx:1.9.0
  :app:debugRuntimeClasspath -> com.google.dagger:hilt-android:2.51.1 -> androidx.activity:activity:1.9.0
  :app:debugRuntimeClasspath -> com.google.firebase:firebase-crashlytics:19.0.0 -> androidx.annotation:annotation:1.8.0
  :app:debugRuntimeClasspath -> com.google.firebase:firebase-crashlytics:19.0.0 -> androidx.annotation:annotation:1.8.0 -> androidx.annotation:annotation-jvm:1.8.0
  :app:debugRuntimeClasspath -> com.google.firebase:firebase-auth:23.0.0 -> androidx.collection:collection:1.4.0
  :app:debugRuntimeClasspath -> com.google.firebase:firebase-auth:23.0.0 -> androidx.collection:collection:1.4.0 -> androidx.collection:collection-jvm:1.4.0
  :app:debugRuntimeClasspath -> androidx.hilt:hilt-navigation-compose:1.2.0 -> androidx.hilt:hilt-navigation:1.2.0 -> androidx.navigation:navigation-runtime:2.7.7 -> androidx.navigation:navigation-common:2.7.7 -> androidx.collection:collection-ktx:1.4.0
  :app:debugRuntimeClasspath -> androidx.compose:compose-bom:2024.05.00 -> androidx.compose.foundation:foundation-android:1.6.7 -> androidx.core:core:1.13.1
  :app:debugRuntimeClasspath -> com.google.dagger:hilt-android:2.51.1 -> androidx.annotation:annotation-experimental:1.4.0
  :app:debugRuntimeClasspath -> com.google.firebase:firebase-analytics:22.0.0 -> com.google.android.gms:play-services-measurement:22.0.0 -> com.google.android.gms:play-services-measurement-impl:22.0.0 -> androidx.privacysandbox.ads:ads-adservices-java:1.0.0-beta05 -> androidx.concurrent:concurrent-futures:1.1.0
  :app:debugRuntimeClasspath -> com.google.firebase:firebase-auth:23.0.0 -> androidx.browser:browser:1.4.0 -> androidx.interpolator:interpolator:1.0.0
  :app:debugRuntimeClasspath -> androidx.compose:compose-bom:2024.05.00 -> androidx.compose.material3:material3-android:1.2.1 -> androidx.lifecycle:lifecycle-runtime:2.8.0
  :app:debugRuntimeClasspath -> androidx.compose:compose-bom:2024.05.00 -> androidx.compose.material3:material3-android:1.2.1 -> androidx.lifecycle:lifecycle-runtime:2.8.0 -> androidx.lifecycle:lifecycle-runtime-android:2.8.0
  :app:debugRuntimeClasspath -> com.google.dagger:hilt-android:2.51.1 -> androidx.savedstate:savedstate:1.2.1 -> androidx.arch.core:core-common:2.2.0
  :app:debugRuntimeClasspath -> androidx.room:room-runtime:2.6.1 -> androidx.arch.core:core-runtime:2.2.0
  :app:debugRuntimeClasspath -> com.google.dagger:hilt-android:2.51.1 -> androidx.lifecycle:lifecycle-common:2.8.0
  :app:debugRuntimeClasspath -> com.google.dagger:hilt-android:2.51.1 -> androidx.lifecycle:lifecycle-common:2.8.0 -> androidx.lifecycle:lifecycle-common-jvm:2.8.0
  :app:debugRuntimeClasspath -> com.google.firebase:firebase-auth:23.0.0 -> androidx.fragment:fragment:1.5.7
  :app:debugRuntimeClasspath -> androidx.core:core-ktx:1.13.1
  :app:debugRuntimeClasspath -> androidx.compose:compose-bom:2024.05.00 -> androidx.compose.foundation:foundation-android:1.6.7 -> androidx.emoji2:emoji2:1.3.0 -> androidx.lifecycle:lifecycle-process:2.8.0 -> androidx.lifecycle:lifecycle-livedata-core:2.8.0
  :app:debugRuntimeClasspath -> androidx.compose:compose-bom:2024.05.00 -> androidx.compose.material3:material3-android:1.2.1 -> androidx.lifecycle:lifecycle-common-java8:2.8.0
  :app:debugRuntimeClasspath -> androidx.lifecycle:lifecycle-runtime-ktx:2.8.0
  :app:debugRuntimeClasspath -> androidx.lifecycle:lifecycle-runtime-ktx:2.8.0 -> androidx.lifecycle:lifecycle-runtime-ktx-android:2.8.0
  :app:debugRuntimeClasspath -> com.google.dagger:hilt-android:2.51.1 -> androidx.lifecycle:lifecycle-viewmodel:2.8.0
  :app:debugRuntimeClasspath -> com.google.dagger:hilt-android:2.51.1 -> androidx.lifecycle:lifecycle-viewmodel:2.8.0 -> androidx.lifecycle:lifecycle-viewmodel-android:2.8.0
  :app:debugRuntimeClasspath -> androidx.hilt:hilt-navigation-compose:1.2.0 -> androidx.lifecycle:lifecycle-viewmodel-compose:2.8.0
  :app:debugRuntimeClasspath -> androidx.hilt:hilt-navigation-compose:1.2.0 -> androidx.lifecycle:lifecycle-viewmodel-compose:2.8.0 -> androidx.lifecycle:lifecycle-viewmodel-compose-android:2.8.0
  :app:debugRuntimeClasspath -> androidx.hilt:hilt-navigation-compose:1.2.0 -> androidx.compose.runtime:runtime:1.6.7
  :app:debugRuntimeClasspath -> androidx.compose:compose-bom:2024.05.00 -> androidx.compose.runtime:runtime-android:1.6.7
  :app:debugRuntimeClasspath -> androidx.navigation:navigation-compose:2.7.7 -> androidx.compose.runtime:runtime-saveable:1.6.7
  :app:debugRuntimeClasspath -> androidx.compose:compose-bom:2024.05.00 -> androidx.compose.runtime:runtime-saveable-android:1.6.7
  :app:debugRuntimeClasspath -> androidx.compose.ui:ui:1.6.7
  :app:debugRuntimeClasspath -> androidx.compose:compose-bom:2024.05.00 -> androidx.compose.ui:ui-android:1.6.7
  :app:debugRuntimeClasspath -> androidx.compose:compose-bom:2024.05.00 -> androidx.compose.ui:ui-android:1.6.7 -> androidx.autofill:autofill:1.0.0
  :app:debugRuntimeClasspath -> androidx.compose:compose-bom:2024.05.00 -> androidx.compose.ui:ui-geometry:1.6.7
  :app:debugRuntimeClasspath -> androidx.compose:compose-bom:2024.05.00 -> androidx.compose.ui:ui-geometry-android:1.6.7
  :app:debugRuntimeClasspath -> androidx.compose:compose-bom:2024.05.00 -> androidx.compose.ui:ui-util:1.6.7
  :app:debugRuntimeClasspath -> androidx.compose:compose-bom:2024.05.00 -> androidx.compose.ui:ui-util-android:1.6.7
  :app:debugRuntimeClasspath -> androidx.compose.ui:ui-graphics:1.6.7
  :app:debugRuntimeClasspath -> androidx.compose:compose-bom:2024.05.00 -> androidx.compose.ui:ui-graphics-android:1.6.7
  :app:debugRuntimeClasspath -> androidx.compose:compose-bom:2024.05.00 -> androidx.compose.ui:ui-unit:1.6.7
  :app:debugRuntimeClasspath -> androidx.compose:compose-bom:2024.05.00 -> androidx.compose.ui:ui-unit-android:1.6.7
  :app:debugRuntimeClasspath -> androidx.compose.ui:ui-test-manifest:1.6.7
  :app:debugRuntimeClasspath -> androidx.compose.ui:ui-tooling-preview:1.6.7
  :app:debugRuntimeClasspath -> androidx.compose:compose-bom:2024.05.00 -> androidx.compose.ui:ui-tooling-preview-android:1.6.7
  :app:debugRuntimeClasspath -> androidx.compose:compose-bom:2024.05.00 -> androidx.compose.ui:ui-text:1.6.7
  :app:debugRuntimeClasspath -> androidx.compose:compose-bom:2024.05.00 -> androidx.compose.ui:ui-text-android:1.6.7
  :app:debugRuntimeClasspath -> androidx.compose:compose-bom:2024.05.00 -> androidx.compose.foundation:foundation-android:1.6.7 -> androidx.emoji2:emoji2:1.3.0
  :app:debugRuntimeClasspath -> androidx.compose:compose-bom:2024.05.00 -> androidx.compose.foundation:foundation-android:1.6.7 -> androidx.emoji2:emoji2:1.3.0 -> androidx.lifecycle:lifecycle-process:2.8.0
  :app:debugRuntimeClasspath -> androidx.compose:compose-bom:2024.05.00 -> androidx.compose.foundation:foundation-android:1.6.7 -> androidx.emoji2:emoji2:1.3.0 -> androidx.startup:startup-runtime:1.1.1
  :app:debugRuntimeClasspath -> com.google.dagger:hilt-android:2.51.1 -> androidx.activity:activity:1.9.0 -> androidx.tracing:tracing:1.0.0
  :app:debugRuntimeClasspath -> androidx.hilt:hilt-navigation-compose:1.2.0 -> androidx.hilt:hilt-navigation:1.2.0 -> androidx.navigation:navigation-runtime:2.7.7 -> androidx.navigation:navigation-common:2.7.7 -> androidx.lifecycle:lifecycle-viewmodel-ktx:2.8.0
  :app:debugRuntimeClasspath -> com.google.dagger:hilt-android:2.51.1 -> androidx.lifecycle:lifecycle-viewmodel-savedstate:2.8.0
  :app:debugRuntimeClasspath -> com.google.dagger:hilt-android:2.51.1 -> androidx.savedstate:savedstate:1.2.1
  :app:debugRuntimeClasspath -> androidx.hilt:hilt-navigation-compose:1.2.0 -> androidx.hilt:hilt-navigation:1.2.0 -> androidx.navigation:navigation-runtime:2.7.7 -> androidx.navigation:navigation-common:2.7.7 -> androidx.savedstate:savedstate-ktx:1.2.1
  :app:debugRuntimeClasspath -> androidx.compose:compose-bom:2024.05.00 -> androidx.compose.ui:ui-tooling-data:1.6.7
  :app:debugRuntimeClasspath -> androidx.compose:compose-bom:2024.05.00 -> androidx.compose.ui:ui-tooling-data-android:1.6.7
  :app:debugRuntimeClasspath -> androidx.compose:compose-bom:2024.05.00 -> androidx.compose.ui:ui-android:1.6.7 -> androidx.customview:customview-poolingcontainer:1.0.0
  :app:debugRuntimeClasspath -> androidx.hilt:hilt-navigation-compose:1.2.0 -> androidx.hilt:hilt-navigation:1.2.0 -> androidx.navigation:navigation-runtime:2.7.7 -> androidx.navigation:navigation-common:2.7.7 -> androidx.profileinstaller:profileinstaller:1.3.1
  :app:debugRuntimeClasspath -> androidx.compose:compose-bom:2024.05.00 -> androidx.compose.foundation:foundation:1.6.7
  :app:debugRuntimeClasspath -> androidx.compose:compose-bom:2024.05.00 -> androidx.compose.foundation:foundation-android:1.6.7
  :app:debugRuntimeClasspath -> androidx.navigation:navigation-compose:2.7.7 -> androidx.compose.animation:animation:1.6.7
  :app:debugRuntimeClasspath -> androidx.compose:compose-bom:2024.05.00 -> androidx.compose.animation:animation-android:1.6.7
  :app:debugRuntimeClasspath -> androidx.compose:compose-bom:2024.05.00 -> androidx.compose.animation:animation-core:1.6.7
  :app:debugRuntimeClasspath -> androidx.compose:compose-bom:2024.05.00 -> androidx.compose.animation:animation-core-android:1.6.7
  :app:debugRuntimeClasspath -> androidx.navigation:navigation-compose:2.7.7 -> androidx.compose.foundation:foundation-layout:1.6.7
  :app:debugRuntimeClasspath -> androidx.compose:compose-bom:2024.05.00 -> androidx.compose.foundation:foundation-layout-android:1.6.7
  :app:debugRuntimeClasspath -> com.google.android.gms:play-services-auth:21.0.0 -> androidx.loader:loader:1.1.0
  :app:debugRuntimeClasspath -> com.google.firebase:firebase-auth:23.0.0 -> androidx.fragment:fragment:1.5.7 -> androidx.viewpager:viewpager:1.0.0
  :app:debugRuntimeClasspath -> com.google.firebase:firebase-auth:23.0.0 -> androidx.fragment:fragment:1.5.7 -> androidx.viewpager:viewpager:1.0.0 -> androidx.customview:customview:1.0.0
  :app:debugRuntimeClasspath -> androidx.compose:compose-bom:2024.05.00 -> androidx.compose.foundation:foundation-android:1.6.7 -> androidx.core:core:1.13.1 -> androidx.versionedparcelable:versionedparcelable:1.1.1
  :app:debugRuntimeClasspath -> androidx.compose:compose-bom:2024.05.00 -> androidx.compose.material:material:1.6.7
  :app:debugRuntimeClasspath -> androidx.compose:compose-bom:2024.05.00 -> androidx.compose.material:material-android:1.6.7
  :app:debugRuntimeClasspath -> androidx.compose:compose-bom:2024.05.00 -> androidx.compose.material:material-icons-core:1.6.7
  :app:debugRuntimeClasspath -> androidx.compose:compose-bom:2024.05.00 -> androidx.compose.material:material-icons-core-android:1.6.7
  :app:debugRuntimeClasspath -> androidx.compose:compose-bom:2024.05.00 -> androidx.compose.material:material-ripple:1.6.7
  :app:debugRuntimeClasspath -> androidx.compose:compose-bom:2024.05.00 -> androidx.compose.material:material-ripple-android:1.6.7
  :app:debugRuntimeClasspath -> androidx.compose:compose-bom:2024.05.00
  :app:debugRuntimeClasspath -> androidx.compose.material3:material3:1.2.1
  :app:debugRuntimeClasspath -> androidx.compose:compose-bom:2024.05.00 -> androidx.compose.material3:material3-android:1.2.1
  :app:debugRuntimeClasspath -> androidx.navigation:navigation-compose:2.7.7
  :app:debugRuntimeClasspath -> androidx.hilt:hilt-navigation-compose:1.2.0 -> androidx.hilt:hilt-navigation:1.2.0 -> androidx.navigation:navigation-runtime:2.7.7 -> androidx.navigation:navigation-common:2.7.7 -> androidx.navigation:navigation-runtime-ktx:2.7.7
  :app:debugRuntimeClasspath -> androidx.hilt:hilt-navigation-compose:1.2.0 -> androidx.hilt:hilt-navigation:1.2.0 -> androidx.navigation:navigation-runtime:2.7.7 -> androidx.navigation:navigation-common:2.7.7 -> androidx.navigation:navigation-common-ktx:2.7.7
  :app:debugRuntimeClasspath -> androidx.hilt:hilt-navigation-compose:1.2.0 -> androidx.hilt:hilt-navigation:1.2.0 -> androidx.navigation:navigation-runtime:2.7.7 -> androidx.navigation:navigation-common:2.7.7
  :app:debugRuntimeClasspath -> androidx.hilt:hilt-navigation-compose:1.2.0 -> androidx.hilt:hilt-navigation:1.2.0 -> androidx.navigation:navigation-runtime:2.7.7
  :app:debugRuntimeClasspath -> com.google.firebase:firebase-analytics:22.0.0 -> com.google.android.gms:play-services-measurement:22.0.0 -> androidx.legacy:legacy-support-core-utils:1.0.0
  :app:debugRuntimeClasspath -> com.google.firebase:firebase-analytics:22.0.0 -> com.google.android.gms:play-services-measurement:22.0.0 -> androidx.legacy:legacy-support-core-utils:1.0.0 -> androidx.documentfile:documentfile:1.0.0
  :app:debugRuntimeClasspath -> com.google.firebase:firebase-auth:23.0.0 -> androidx.localbroadcastmanager:localbroadcastmanager:1.0.0
  :app:debugRuntimeClasspath -> com.google.firebase:firebase-analytics:22.0.0 -> com.google.android.gms:play-services-measurement:22.0.0 -> androidx.legacy:legacy-support-core-utils:1.0.0 -> androidx.print:print:1.0.0
  :app:debugRuntimeClasspath -> com.google.firebase:firebase-analytics:22.0.0 -> com.google.android.gms:play-services-measurement:22.0.0 -> com.google.android.gms:play-services-measurement-impl:22.0.0 -> androidx.privacysandbox.ads:ads-adservices:1.0.0-beta05
  :app:debugRuntimeClasspath -> com.google.firebase:firebase-analytics:22.0.0 -> com.google.android.gms:play-services-measurement:22.0.0 -> com.google.android.gms:play-services-measurement-impl:22.0.0 -> androidx.privacysandbox.ads:ads-adservices-java:1.0.0-beta05
  :app:debugRuntimeClasspath -> com.google.firebase:firebase-auth:23.0.0 -> androidx.browser:browser:1.4.0
  :app:debugRuntimeClasspath -> com.google.firebase:firebase-auth:23.0.0 -> androidx.credentials:credentials:1.2.0-rc01
  :app:debugRuntimeClasspath -> com.google.firebase:firebase-auth:23.0.0 -> androidx.credentials:credentials-play-services-auth:1.2.0-rc01
  :app:debugRuntimeClasspath -> com.google.firebase:firebase-crashlytics:19.0.0 -> com.google.firebase:firebase-sessions:2.0.0 -> androidx.datastore:datastore-preferences:1.0.0
  :app:debugRuntimeClasspath -> com.google.firebase:firebase-crashlytics:19.0.0 -> com.google.firebase:firebase-sessions:2.0.0 -> androidx.datastore:datastore-preferences:1.0.0 -> androidx.datastore:datastore:1.0.0
  :app:debugRuntimeClasspath -> com.google.firebase:firebase-crashlytics:19.0.0 -> com.google.firebase:firebase-sessions:2.0.0 -> androidx.datastore:datastore-preferences:1.0.0 -> androidx.datastore:datastore:1.0.0 -> androidx.datastore:datastore-core:1.0.0
  :app:debugRuntimeClasspath -> com.google.firebase:firebase-crashlytics:19.0.0 -> com.google.firebase:firebase-sessions:2.0.0 -> androidx.datastore:datastore-preferences:1.0.0 -> androidx.datastore:datastore-preferences-core:1.0.0
  :app:debugRuntimeClasspath -> androidx.hilt:hilt-navigation-compose:1.2.0
  :app:debugRuntimeClasspath -> androidx.hilt:hilt-navigation-compose:1.2.0 -> androidx.hilt:hilt-navigation:1.2.0
  :app:debugRuntimeClasspath -> androidx.room:room-runtime:2.6.1
  :app:debugRuntimeClasspath -> androidx.room:room-runtime:2.6.1 -> androidx.room:room-common:2.6.1
  :app:debugRuntimeClasspath -> androidx.room:room-ktx:2.6.1
  :app:debugRuntimeClasspath -> androidx.room:room-runtime:2.6.1 -> androidx.sqlite:sqlite:2.4.0
  :app:debugRuntimeClasspath -> androidx.room:room-runtime:2.6.1 -> androidx.sqlite:sqlite-framework:2.4.0

* Try:
> Run with --info or --debug option to get more log output.
> Run with --scan to get full insights.
> Get more help at https://help.gradle.org.

* Exception is:
org.gradle.api.tasks.TaskExecutionException: Execution failed for task ':app:checkDebugAarMetadata'.
	at org.gradle.api.internal.tasks.execution.CatchExceptionTaskExecuter.execute(CatchExceptionTaskExecuter.java:38)
	at org.gradle.api.internal.tasks.execution.EventFiringTaskExecuter$1.executeTask(EventFiringTaskExecuter.java:77)
	at org.gradle.api.internal.tasks.execution.EventFiringTaskExecuter$1.call(EventFiringTaskExecuter.java:55)
	at org.gradle.api.internal.tasks.execution.EventFiringTaskExecuter$1.call(EventFiringTaskExecuter.java:52)
	at org.gradle.internal.operations.DefaultBuildOperationRunner$CallableBuildOperationWorker.execute(DefaultBuildOperationRunner.java:209)
	at org.gradle.internal.operations.DefaultBuildOperationRunner$CallableBuildOperationWorker.execute(DefaultBuildOperationRunner.java:204)
	at org.gradle.internal.operations.DefaultBuildOperationRunner$2.execute(DefaultBuildOperationRunner.java:66)
	at org.gradle.internal.operations.DefaultBuildOperationRunner$2.execute(DefaultBuildOperationRunner.java:59)
	at org.gradle.internal.operations.DefaultBuildOperationRunner.execute(DefaultBuildOperationRunner.java:166)
	at org.gradle.internal.operations.DefaultBuildOperationRunner.execute(DefaultBuildOperationRunner.java:59)
	at org.gradle.internal.operations.DefaultBuildOperationRunner.call(DefaultBuildOperationRunner.java:53)
	at org.gradle.api.internal.tasks.execution.EventFiringTaskExecuter.execute(EventFiringTaskExecuter.java:52)
	at org.gradle.execution.plan.LocalTaskNodeExecutor.execute(LocalTaskNodeExecutor.java:42)
	at org.gradle.execution.taskgraph.DefaultTaskExecutionGraph$InvokeNodeExecutorsAction.execute(DefaultTaskExecutionGraph.java:331)
	at org.gradle.execution.taskgraph.DefaultTaskExecutionGraph$InvokeNodeExecutorsAction.execute(DefaultTaskExecutionGraph.java:318)
	at org.gradle.execution.taskgraph.DefaultTaskExecutionGraph$BuildOperationAwareExecutionAction.lambda$execute$0(DefaultTaskExecutionGraph.java:314)
	at org.gradle.internal.operations.CurrentBuildOperationRef.with(CurrentBuildOperationRef.java:84)
	at org.gradle.execution.taskgraph.DefaultTaskExecutionGraph$BuildOperationAwareExecutionAction.execute(DefaultTaskExecutionGraph.java:314)
	at org.gradle.execution.taskgraph.DefaultTaskExecutionGraph$BuildOperationAwareExecutionAction.execute(DefaultTaskExecutionGraph.java:303)
	at org.gradle.execution.plan.DefaultPlanExecutor$ExecutorWorker.execute(DefaultPlanExecutor.java:459)
	at org.gradle.execution.plan.DefaultPlanExecutor$ExecutorWorker.run(DefaultPlanExecutor.java:376)
	at org.gradle.internal.concurrent.ExecutorPolicy$CatchAndRecordFailures.onExecute(ExecutorPolicy.java:64)
	at org.gradle.internal.concurrent.AbstractManagedExecutor$1.run(AbstractManagedExecutor.java:47)
Caused by: com.android.builder.errors.EvalIssueException: Configuration `:app:debugRuntimeClasspath` contains AndroidX dependencies, but the `android.useAndroidX` property is not enabled, which may cause runtime issues.
Set `android.useAndroidX=true` in the `gradle.properties` file and retry.
The following AndroidX dependencies are detected:
:app:debugRuntimeClasspath -> androidx.compose.ui:ui-tooling:1.6.7
:app:debugRuntimeClasspath -> androidx.compose:compose-bom:2024.05.00 -> androidx.compose.ui:ui-tooling-android:1.6.7
:app:debugRuntimeClasspath -> androidx.activity:activity-compose:1.9.0
:app:debugRuntimeClasspath -> androidx.hilt:hilt-navigation-compose:1.2.0 -> androidx.hilt:hilt-navigation:1.2.0 -> androidx.navigation:navigation-runtime:2.7.7 -> androidx.activity:activity-ktx:1.9.0
:app:debugRuntimeClasspath -> com.google.dagger:hilt-android:2.51.1 -> androidx.activity:activity:1.9.0
:app:debugRuntimeClasspath -> com.google.firebase:firebase-crashlytics:19.0.0 -> androidx.annotation:annotation:1.8.0
:app:debugRuntimeClasspath -> com.google.firebase:firebase-crashlytics:19.0.0 -> androidx.annotation:annotation:1.8.0 -> androidx.annotation:annotation-jvm:1.8.0
:app:debugRuntimeClasspath -> com.google.firebase:firebase-auth:23.0.0 -> androidx.collection:collection:1.4.0
:app:debugRuntimeClasspath -> com.google.firebase:firebase-auth:23.0.0 -> androidx.collection:collection:1.4.0 -> androidx.collection:collection-jvm:1.4.0
:app:debugRuntimeClasspath -> androidx.hilt:hilt-navigation-compose:1.2.0 -> androidx.hilt:hilt-navigation:1.2.0 -> androidx.navigation:navigation-runtime:2.7.7 -> androidx.navigation:navigation-common:2.7.7 -> androidx.collection:collection-ktx:1.4.0
:app:debugRuntimeClasspath -> androidx.compose:compose-bom:2024.05.00 -> androidx.compose.foundation:foundation-android:1.6.7 -> androidx.core:core:1.13.1
:app:debugRuntimeClasspath -> com.google.dagger:hilt-android:2.51.1 -> androidx.annotation:annotation-experimental:1.4.0
:app:debugRuntimeClasspath -> com.google.firebase:firebase-analytics:22.0.0 -> com.google.android.gms:play-services-measurement:22.0.0 -> com.google.android.gms:play-services-measurement-impl:22.0.0 -> androidx.privacysandbox.ads:ads-adservices-java:1.0.0-beta05 -> androidx.concurrent:concurrent-futures:1.1.0
:app:debugRuntimeClasspath -> com.google.firebase:firebase-auth:23.0.0 -> androidx.browser:browser:1.4.0 -> androidx.interpolator:interpolator:1.0.0
:app:debugRuntimeClasspath -> androidx.compose:compose-bom:2024.05.00 -> androidx.compose.material3:material3-android:1.2.1 -> androidx.lifecycle:lifecycle-runtime:2.8.0
:app:debugRuntimeClasspath -> androidx.compose:compose-bom:2024.05.00 -> androidx.compose.material3:material3-android:1.2.1 -> androidx.lifecycle:lifecycle-runtime:2.8.0 -> androidx.lifecycle:lifecycle-runtime-android:2.8.0
:app:debugRuntimeClasspath -> com.google.dagger:hilt-android:2.51.1 -> androidx.savedstate:savedstate:1.2.1 -> androidx.arch.core:core-common:2.2.0
:app:debugRuntimeClasspath -> androidx.room:room-runtime:2.6.1 -> androidx.arch.core:core-runtime:2.2.0
:app:debugRuntimeClasspath -> com.google.dagger:hilt-android:2.51.1 -> androidx.lifecycle:lifecycle-common:2.8.0
:app:debugRuntimeClasspath -> com.google.dagger:hilt-android:2.51.1 -> androidx.lifecycle:lifecycle-common:2.8.0 -> androidx.lifecycle:lifecycle-common-jvm:2.8.0
:app:debugRuntimeClasspath -> com.google.firebase:firebase-auth:23.0.0 -> androidx.fragment:fragment:1.5.7
:app:debugRuntimeClasspath -> androidx.core:core-ktx:1.13.1
:app:debugRuntimeClasspath -> androidx.compose:compose-bom:2024.05.00 -> androidx.compose.foundation:foundation-android:1.6.7 -> androidx.emoji2:emoji2:1.3.0 -> androidx.lifecycle:lifecycle-process:2.8.0 -> androidx.lifecycle:lifecycle-livedata-core:2.8.0
:app:debugRuntimeClasspath -> androidx.compose:compose-bom:2024.05.00 -> androidx.compose.material3:material3-android:1.2.1 -> androidx.lifecycle:lifecycle-common-java8:2.8.0
:app:debugRuntimeClasspath -> androidx.lifecycle:lifecycle-runtime-ktx:2.8.0
:app:debugRuntimeClasspath -> androidx.lifecycle:lifecycle-runtime-ktx:2.8.0 -> androidx.lifecycle:lifecycle-runtime-ktx-android:2.8.0
:app:debugRuntimeClasspath -> com.google.dagger:hilt-android:2.51.1 -> androidx.lifecycle:lifecycle-viewmodel:2.8.0
:app:debugRuntimeClasspath -> com.google.dagger:hilt-android:2.51.1 -> androidx.lifecycle:lifecycle-viewmodel:2.8.0 -> androidx.lifecycle:lifecycle-viewmodel-android:2.8.0
:app:debugRuntimeClasspath -> androidx.hilt:hilt-navigation-compose:1.2.0 -> androidx.lifecycle:lifecycle-viewmodel-compose:2.8.0
:app:debugRuntimeClasspath -> androidx.hilt:hilt-navigation-compose:1.2.0 -> androidx.lifecycle:lifecycle-viewmodel-compose:2.8.0 -> androidx.lifecycle:lifecycle-viewmodel-compose-android:2.8.0
:app:debugRuntimeClasspath -> androidx.hilt:hilt-navigation-compose:1.2.0 -> androidx.compose.runtime:runtime:1.6.7
:app:debugRuntimeClasspath -> androidx.compose:compose-bom:2024.05.00 -> androidx.compose.runtime:runtime-android:1.6.7
:app:debugRuntimeClasspath -> androidx.navigation:navigation-compose:2.7.7 -> androidx.compose.runtime:runtime-saveable:1.6.7
:app:debugRuntimeClasspath -> androidx.compose:compose-bom:2024.05.00 -> androidx.compose.runtime:runtime-saveable-android:1.6.7
:app:debugRuntimeClasspath -> androidx.compose.ui:ui:1.6.7
:app:debugRuntimeClasspath -> androidx.compose:compose-bom:2024.05.00 -> androidx.compose.ui:ui-android:1.6.7
:app:debugRuntimeClasspath -> androidx.compose:compose-bom:2024.05.00 -> androidx.compose.ui:ui-android:1.6.7 -> androidx.autofill:autofill:1.0.0
:app:debugRuntimeClasspath -> androidx.compose:compose-bom:2024.05.00 -> androidx.compose.ui:ui-geometry:1.6.7
:app:debugRuntimeClasspath -> androidx.compose:compose-bom:2024.05.00 -> androidx.compose.ui:ui-geometry-android:1.6.7
:app:debugRuntimeClasspath -> androidx.compose:compose-bom:2024.05.00 -> androidx.compose.ui:ui-util:1.6.7
:app:debugRuntimeClasspath -> androidx.compose:compose-bom:2024.05.00 -> androidx.compose.ui:ui-util-android:1.6.7
:app:debugRuntimeClasspath -> androidx.compose.ui:ui-graphics:1.6.7
:app:debugRuntimeClasspath -> androidx.compose:compose-bom:2024.05.00 -> androidx.compose.ui:ui-graphics-android:1.6.7
:app:debugRuntimeClasspath -> androidx.compose:compose-bom:2024.05.00 -> androidx.compose.ui:ui-unit:1.6.7
:app:debugRuntimeClasspath -> androidx.compose:compose-bom:2024.05.00 -> androidx.compose.ui:ui-unit-android:1.6.7
:app:debugRuntimeClasspath -> androidx.compose.ui:ui-test-manifest:1.6.7
:app:debugRuntimeClasspath -> androidx.compose.ui:ui-tooling-preview:1.6.7
:app:debugRuntimeClasspath -> androidx.compose:compose-bom:2024.05.00 -> androidx.compose.ui:ui-tooling-preview-android:1.6.7
:app:debugRuntimeClasspath -> androidx.compose:compose-bom:2024.05.00 -> androidx.compose.ui:ui-text:1.6.7
:app:debugRuntimeClasspath -> androidx.compose:compose-bom:2024.05.00 -> androidx.compose.ui:ui-text-android:1.6.7
:app:debugRuntimeClasspath -> androidx.compose:compose-bom:2024.05.00 -> androidx.compose.foundation:foundation-android:1.6.7 -> androidx.emoji2:emoji2:1.3.0
:app:debugRuntimeClasspath -> androidx.compose:compose-bom:2024.05.00 -> androidx.compose.foundation:foundation-android:1.6.7 -> androidx.emoji2:emoji2:1.3.0 -> androidx.lifecycle:lifecycle-process:2.8.0
:app:debugRuntimeClasspath -> androidx.compose:compose-bom:2024.05.00 -> androidx.compose.foundation:foundation-android:1.6.7 -> androidx.emoji2:emoji2:1.3.0 -> androidx.startup:startup-runtime:1.1.1
:app:debugRuntimeClasspath -> com.google.dagger:hilt-android:2.51.1 -> androidx.activity:activity:1.9.0 -> androidx.tracing:tracing:1.0.0
:app:debugRuntimeClasspath -> androidx.hilt:hilt-navigation-compose:1.2.0 -> androidx.hilt:hilt-navigation:1.2.0 -> androidx.navigation:navigation-runtime:2.7.7 -> androidx.navigation:navigation-common:2.7.7 -> androidx.lifecycle:lifecycle-viewmodel-ktx:2.8.0
:app:debugRuntimeClasspath -> com.google.dagger:hilt-android:2.51.1 -> androidx.lifecycle:lifecycle-viewmodel-savedstate:2.8.0
:app:debugRuntimeClasspath -> com.google.dagger:hilt-android:2.51.1 -> androidx.savedstate:savedstate:1.2.1
:app:debugRuntimeClasspath -> androidx.hilt:hilt-navigation-compose:1.2.0 -> androidx.hilt:hilt-navigation:1.2.0 -> androidx.navigation:navigation-runtime:2.7.7 -> androidx.navigation:navigation-common:2.7.7 -> androidx.savedstate:savedstate-ktx:1.2.1
:app:debugRuntimeClasspath -> androidx.compose:compose-bom:2024.05.00 -> androidx.compose.ui:ui-tooling-data:1.6.7
:app:debugRuntimeClasspath -> androidx.compose:compose-bom:2024.05.00 -> androidx.compose.ui:ui-tooling-data-android:1.6.7
:app:debugRuntimeClasspath -> androidx.compose:compose-bom:2024.05.00 -> androidx.compose.ui:ui-android:1.6.7 -> androidx.customview:customview-poolingcontainer:1.0.0
:app:debugRuntimeClasspath -> androidx.hilt:hilt-navigation-compose:1.2.0 -> androidx.hilt:hilt-navigation:1.2.0 -> androidx.navigation:navigation-runtime:2.7.7 -> androidx.navigation:navigation-common:2.7.7 -> androidx.profileinstaller:profileinstaller:1.3.1
:app:debugRuntimeClasspath -> androidx.compose:compose-bom:2024.05.00 -> androidx.compose.foundation:foundation:1.6.7
:app:debugRuntimeClasspath -> androidx.compose:compose-bom:2024.05.00 -> androidx.compose.foundation:foundation-android:1.6.7
:app:debugRuntimeClasspath -> androidx.navigation:navigation-compose:2.7.7 -> androidx.compose.animation:animation:1.6.7
:app:debugRuntimeClasspath -> androidx.compose:compose-bom:2024.05.00 -> androidx.compose.animation:animation-android:1.6.7
:app:debugRuntimeClasspath -> androidx.compose:compose-bom:2024.05.00 -> androidx.compose.animation:animation-core:1.6.7
:app:debugRuntimeClasspath -> androidx.compose:compose-bom:2024.05.00 -> androidx.compose.animation:animation-core-android:1.6.7
:app:debugRuntimeClasspath -> androidx.navigation:navigation-compose:2.7.7 -> androidx.compose.foundation:foundation-layout:1.6.7
:app:debugRuntimeClasspath -> androidx.compose:compose-bom:2024.05.00 -> androidx.compose.foundation:foundation-layout-android:1.6.7
:app:debugRuntimeClasspath -> com.google.android.gms:play-services-auth:21.0.0 -> androidx.loader:loader:1.1.0
:app:debugRuntimeClasspath -> com.google.firebase:firebase-auth:23.0.0 -> androidx.fragment:fragment:1.5.7 -> androidx.viewpager:viewpager:1.0.0
:app:debugRuntimeClasspath -> com.google.firebase:firebase-auth:23.0.0 -> androidx.fragment:fragment:1.5.7 -> androidx.viewpager:viewpager:1.0.0 -> androidx.customview:customview:1.0.0
:app:debugRuntimeClasspath -> androidx.compose:compose-bom:2024.05.00 -> androidx.compose.foundation:foundation-android:1.6.7 -> androidx.core:core:1.13.1 -> androidx.versionedparcelable:versionedparcelable:1.1.1
:app:debugRuntimeClasspath -> androidx.compose:compose-bom:2024.05.00 -> androidx.compose.material:material:1.6.7
:app:debugRuntimeClasspath -> androidx.compose:compose-bom:2024.05.00 -> androidx.compose.material:material-android:1.6.7
:app:debugRuntimeClasspath -> androidx.compose:compose-bom:2024.05.00 -> androidx.compose.material:material-icons-core:1.6.7
:app:debugRuntimeClasspath -> androidx.compose:compose-bom:2024.05.00 -> androidx.compose.material:material-icons-core-android:1.6.7
:app:debugRuntimeClasspath -> androidx.compose:compose-bom:2024.05.00 -> androidx.compose.material:material-ripple:1.6.7
:app:debugRuntimeClasspath -> androidx.compose:compose-bom:2024.05.00 -> androidx.compose.material:material-ripple-android:1.6.7
:app:debugRuntimeClasspath -> androidx.compose:compose-bom:2024.05.00
:app:debugRuntimeClasspath -> androidx.compose.material3:material3:1.2.1
:app:debugRuntimeClasspath -> androidx.compose:compose-bom:2024.05.00 -> androidx.compose.material3:material3-android:1.2.1
:app:debugRuntimeClasspath -> androidx.navigation:navigation-compose:2.7.7
:app:debugRuntimeClasspath -> androidx.hilt:hilt-navigation-compose:1.2.0 -> androidx.hilt:hilt-navigation:1.2.0 -> androidx.navigation:navigation-runtime:2.7.7 -> androidx.navigation:navigation-common:2.7.7 -> androidx.navigation:navigation-runtime-ktx:2.7.7
:app:debugRuntimeClasspath -> androidx.hilt:hilt-navigation-compose:1.2.0 -> androidx.hilt:hilt-navigation:1.2.0 -> androidx.navigation:navigation-runtime:2.7.7 -> androidx.navigation:navigation-common:2.7.7 -> androidx.navigation:navigation-common-ktx:2.7.7
:app:debugRuntimeClasspath -> androidx.hilt:hilt-navigation-compose:1.2.0 -> androidx.hilt:hilt-navigation:1.2.0 -> androidx.navigation:navigation-runtime:2.7.7 -> androidx.navigation:navigation-common:2.7.7
:app:debugRuntimeClasspath -> androidx.hilt:hilt-navigation-compose:1.2.0 -> androidx.hilt:hilt-navigation:1.2.0 -> androidx.navigation:navigation-runtime:2.7.7
:app:debugRuntimeClasspath -> com.google.firebase:firebase-analytics:22.0.0 -> com.google.android.gms:play-services-measurement:22.0.0 -> androidx.legacy:legacy-support-core-utils:1.0.0
:app:debugRuntimeClasspath -> com.google.firebase:firebase-analytics:22.0.0 -> com.google.android.gms:play-services-measurement:22.0.0 -> androidx.legacy:legacy-support-core-utils:1.0.0 -> androidx.documentfile:documentfile:1.0.0
:app:debugRuntimeClasspath -> com.google.firebase:firebase-auth:23.0.0 -> androidx.localbroadcastmanager:localbroadcastmanager:1.0.0
:app:debugRuntimeClasspath -> com.google.firebase:firebase-analytics:22.0.0 -> com.google.android.gms:play-services-measurement:22.0.0 -> androidx.legacy:legacy-support-core-utils:1.0.0 -> androidx.print:print:1.0.0
:app:debugRuntimeClasspath -> com.google.firebase:firebase-analytics:22.0.0 -> com.google.android.gms:play-services-measurement:22.0.0 -> com.google.android.gms:play-services-measurement-impl:22.0.0 -> androidx.privacysandbox.ads:ads-adservices:1.0.0-beta05
:app:debugRuntimeClasspath -> com.google.firebase:firebase-analytics:22.0.0 -> com.google.android.gms:play-services-measurement:22.0.0 -> com.google.android.gms:play-services-measurement-impl:22.0.0 -> androidx.privacysandbox.ads:ads-adservices-java:1.0.0-beta05
:app:debugRuntimeClasspath -> com.google.firebase:firebase-auth:23.0.0 -> androidx.browser:browser:1.4.0
:app:debugRuntimeClasspath -> com.google.firebase:firebase-auth:23.0.0 -> androidx.credentials:credentials:1.2.0-rc01
:app:debugRuntimeClasspath -> com.google.firebase:firebase-auth:23.0.0 -> androidx.credentials:credentials-play-services-auth:1.2.0-rc01
:app:debugRuntimeClasspath -> com.google.firebase:firebase-crashlytics:19.0.0 -> com.google.firebase:firebase-sessions:2.0.0 -> androidx.datastore:datastore-preferences:1.0.0
:app:debugRuntimeClasspath -> com.google.firebase:firebase-crashlytics:19.0.0 -> com.google.firebase:firebase-sessions:2.0.0 -> androidx.datastore:datastore-preferences:1.0.0 -> androidx.datastore:datastore:1.0.0
:app:debugRuntimeClasspath -> com.google.firebase:firebase-crashlytics:19.0.0 -> com.google.firebase:firebase-sessions:2.0.0 -> androidx.datastore:datastore-preferences:1.0.0 -> androidx.datastore:datastore:1.0.0 -> androidx.datastore:datastore-core:1.0.0
:app:debugRuntimeClasspath -> com.google.firebase:firebase-crashlytics:19.0.0 -> com.google.firebase:firebase-sessions:2.0.0 -> androidx.datastore:datastore-preferences:1.0.0 -> androidx.datastore:datastore-preferences-core:1.0.0
:app:debugRuntimeClasspath -> androidx.hilt:hilt-navigation-compose:1.2.0
:app:debugRuntimeClasspath -> androidx.hilt:hilt-navigation-compose:1.2.0 -> androidx.hilt:hilt-navigation:1.2.0
:app:debugRuntimeClasspath -> androidx.room:room-runtime:2.6.1
:app:debugRuntimeClasspath -> androidx.room:room-runtime:2.6.1 -> androidx.room:room-common:2.6.1
:app:debugRuntimeClasspath -> androidx.room:room-ktx:2.6.1
:app:debugRuntimeClasspath -> androidx.room:room-runtime:2.6.1 -> androidx.sqlite:sqlite:2.4.0
:app:debugRuntimeClasspath -> androidx.room:room-runtime:2.6.1 -> androidx.sqlite:sqlite-framework:2.4.0
	at com.android.builder.errors.IssueReporter.reportError(IssueReporter.kt:119)
	at com.android.builder.errors.IssueReporter.reportError$default(IssueReporter.kt:114)
	at com.android.build.gradle.internal.dependency.AndroidXDependencyCheck$AndroidXDisabledJetifierDisabled.execute(AndroidXDependencyCheck.kt:72)
	at com.android.build.gradle.internal.dependency.AndroidXDependencyCheck$AndroidXDisabledJetifierDisabled.execute(AndroidXDependencyCheck.kt:40)
	at org.gradle.internal.code.DefaultUserCodeApplicationContext$CurrentApplication$1.execute(DefaultUserCodeApplicationContext.java:124)
	at org.gradle.internal.event.BroadcastDispatch$ActionInvocationHandler.dispatch(BroadcastDispatch.java:101)
	at org.gradle.internal.event.BroadcastDispatch$ActionInvocationHandler.dispatch(BroadcastDispatch.java:89)
	at org.gradle.internal.event.AbstractBroadcastDispatch.dispatch(AbstractBroadcastDispatch.java:44)
	at org.gradle.internal.event.BroadcastDispatch$SingletonDispatch.dispatch(BroadcastDispatch.java:270)
	at org.gradle.internal.event.BroadcastDispatch$SingletonDispatch.dispatch(BroadcastDispatch.java:172)
	at org.gradle.internal.event.AbstractBroadcastDispatch.dispatch(AbstractBroadcastDispatch.java:84)
	at org.gradle.internal.event.AbstractBroadcastDispatch.dispatch(AbstractBroadcastDispatch.java:70)
	at org.gradle.internal.event.BroadcastDispatch$CompositeDispatch.dispatch(BroadcastDispatch.java:382)
	at org.gradle.internal.event.BroadcastDispatch$CompositeDispatch.dispatch(BroadcastDispatch.java:274)
	at org.gradle.internal.event.ListenerBroadcast.dispatch(ListenerBroadcast.java:160)
	at org.gradle.internal.event.ListenerBroadcast.dispatch(ListenerBroadcast.java:37)
	at org.gradle.internal.dispatch.ProxyDispatchAdapter$DispatchingInvocationHandler.invoke(ProxyDispatchAdapter.java:92)
	at jdk.proxy1/jdk.proxy1.$Proxy60.afterResolve(Unknown Source)
	at org.gradle.api.internal.artifacts.configurations.DefaultConfiguration$1.call(DefaultConfiguration.java:700)
	at org.gradle.api.internal.artifacts.configurations.DefaultConfiguration$1.call(DefaultConfiguration.java:681)
	at org.gradle.internal.operations.DefaultBuildOperationRunner$CallableBuildOperationWorker.execute(DefaultBuildOperationRunner.java:209)
	at org.gradle.internal.operations.DefaultBuildOperationRunner$CallableBuildOperationWorker.execute(DefaultBuildOperationRunner.java:204)
	at org.gradle.internal.operations.DefaultBuildOperationRunner$2.execute(DefaultBuildOperationRunner.java:66)
	at org.gradle.internal.operations.DefaultBuildOperationRunner$2.execute(DefaultBuildOperationRunner.java:59)
	at org.gradle.internal.operations.DefaultBuildOperationRunner.execute(DefaultBuildOperationRunner.java:166)
	at org.gradle.internal.operations.DefaultBuildOperationRunner.execute(DefaultBuildOperationRunner.java:59)
	at org.gradle.internal.operations.DefaultBuildOperationRunner.call(DefaultBuildOperationRunner.java:53)
	at org.gradle.api.internal.artifacts.configurations.DefaultConfiguration.resolveGraphInBuildOperation(DefaultConfiguration.java:681)
	at org.gradle.api.internal.artifacts.configurations.DefaultConfiguration.lambda$resolveExclusivelyIfRequired$3(DefaultConfiguration.java:673)
	at org.gradle.api.internal.project.DefaultProjectStateRegistry$CalculatedModelValueImpl.update(DefaultProjectStateRegistry.java:533)
	at org.gradle.api.internal.artifacts.configurations.DefaultConfiguration.resolveExclusivelyIfRequired(DefaultConfiguration.java:668)
	at org.gradle.api.internal.artifacts.configurations.DefaultConfiguration.resolveGraphIfRequired(DefaultConfiguration.java:661)
	at org.gradle.api.internal.artifacts.configurations.DefaultConfiguration.access$1400(DefaultConfiguration.java:151)
	at org.gradle.api.internal.artifacts.configurations.DefaultConfiguration$ResolverResultsResolutionResultProvider.getValue(DefaultConfiguration.java:643)
	at org.gradle.api.internal.artifacts.configurations.DefaultConfiguration$ResolverResultsResolutionResultProvider.getValue(DefaultConfiguration.java:629)
	at org.gradle.api.internal.artifacts.configurations.ResolutionResultProvider$1.getValue(ResolutionResultProvider.java:54)
	at org.gradle.api.internal.artifacts.configurations.ResolutionResultProviderBackedSelectedArtifactSet.visitArtifacts(ResolutionResultProviderBackedSelectedArtifactSet.java:50)
	at org.gradle.api.internal.artifacts.ivyservice.resolveengine.artifact.SelectedArtifactSet.visitFiles(SelectedArtifactSet.java:34)
	at org.gradle.api.internal.artifacts.configurations.ResolutionBackedFileCollection.visitContents(ResolutionBackedFileCollection.java:75)
	at org.gradle.api.internal.file.AbstractFileCollection.visitStructure(AbstractFileCollection.java:361)
	at org.gradle.api.internal.file.CompositeFileCollection.lambda$visitContents$0(CompositeFileCollection.java:112)
	at org.gradle.api.internal.file.collections.UnpackingVisitor.add(UnpackingVisitor.java:66)
	at org.gradle.api.internal.file.collections.UnpackingVisitor.add(UnpackingVisitor.java:91)
	at org.gradle.api.internal.file.DefaultFileCollectionFactory$ResolvingFileCollection.visitChildren(DefaultFileCollectionFactory.java:306)
	at org.gradle.api.internal.file.CompositeFileCollection.visitContents(CompositeFileCollection.java:112)
	at org.gradle.api.internal.file.AbstractFileCollection.visitStructure(AbstractFileCollection.java:361)
	at org.gradle.api.internal.file.CompositeFileCollection.lambda$visitContents$0(CompositeFileCollection.java:112)
	at org.gradle.api.internal.tasks.PropertyFileCollection.visitChildren(PropertyFileCollection.java:48)
	at org.gradle.api.internal.file.CompositeFileCollection.visitContents(CompositeFileCollection.java:112)
	at org.gradle.api.internal.file.AbstractFileCollection.visitStructure(AbstractFileCollection.java:361)
	at org.gradle.internal.fingerprint.impl.DefaultFileCollectionSnapshotter.snapshot(DefaultFileCollectionSnapshotter.java:47)
	at org.gradle.internal.execution.impl.DefaultInputFingerprinter$InputCollectingVisitor.visitInputFileProperty(DefaultInputFingerprinter.java:133)
	at org.gradle.api.internal.tasks.execution.TaskExecution.visitRegularInputs(TaskExecution.java:324)
	at org.gradle.internal.execution.impl.DefaultInputFingerprinter.fingerprintInputProperties(DefaultInputFingerprinter.java:63)
	at org.gradle.internal.execution.steps.AbstractCaptureStateBeforeExecutionStep.captureExecutionStateWithOutputs(AbstractCaptureStateBeforeExecutionStep.java:109)
	at org.gradle.internal.execution.steps.AbstractCaptureStateBeforeExecutionStep.lambda$captureExecutionState$0(AbstractCaptureStateBeforeExecutionStep.java:74)
	at org.gradle.internal.execution.steps.BuildOperationStep$1.call(BuildOperationStep.java:37)
	at org.gradle.internal.operations.DefaultBuildOperationRunner$CallableBuildOperationWorker.execute(DefaultBuildOperationRunner.java:209)
	at org.gradle.internal.operations.DefaultBuildOperationRunner$CallableBuildOperationWorker.execute(DefaultBuildOperationRunner.java:204)
	at org.gradle.internal.operations.DefaultBuildOperationRunner$2.execute(DefaultBuildOperationRunner.java:66)
	at org.gradle.internal.operations.DefaultBuildOperationRunner$2.execute(DefaultBuildOperationRunner.java:59)
	at org.gradle.internal.operations.DefaultBuildOperationRunner.execute(DefaultBuildOperationRunner.java:166)
	at org.gradle.internal.operations.DefaultBuildOperationRunner.execute(DefaultBuildOperationRunner.java:59)
	at org.gradle.internal.operations.DefaultBuildOperationRunner.call(DefaultBuildOperationRunner.java:53)
	at org.gradle.internal.execution.steps.BuildOperationStep.operation(BuildOperationStep.java:34)
	at org.gradle.internal.execution.steps.AbstractCaptureStateBeforeExecutionStep.captureExecutionState(AbstractCaptureStateBeforeExecutionStep.java:69)
	at org.gradle.internal.execution.steps.AbstractCaptureStateBeforeExecutionStep.execute(AbstractCaptureStateBeforeExecutionStep.java:62)
	at org.gradle.internal.execution.steps.AbstractCaptureStateBeforeExecutionStep.execute(AbstractCaptureStateBeforeExecutionStep.java:43)
	at org.gradle.internal.execution.steps.AbstractSkipEmptyWorkStep.executeWithNonEmptySources(AbstractSkipEmptyWorkStep.java:125)
	at org.gradle.internal.execution.steps.AbstractSkipEmptyWorkStep.execute(AbstractSkipEmptyWorkStep.java:56)
	at org.gradle.internal.execution.steps.AbstractSkipEmptyWorkStep.execute(AbstractSkipEmptyWorkStep.java:36)
	at org.gradle.internal.execution.steps.legacy.MarkSnapshottingInputsStartedStep.execute(MarkSnapshottingInputsStartedStep.java:38)
	at org.gradle.internal.execution.steps.LoadPreviousExecutionStateStep.execute(LoadPreviousExecutionStateStep.java:36)
	at org.gradle.internal.execution.steps.LoadPreviousExecutionStateStep.execute(LoadPreviousExecutionStateStep.java:23)
	at org.gradle.internal.execution.steps.HandleStaleOutputsStep.execute(HandleStaleOutputsStep.java:75)
	at org.gradle.internal.execution.steps.HandleStaleOutputsStep.execute(HandleStaleOutputsStep.java:41)
	at org.gradle.internal.execution.steps.AssignMutableWorkspaceStep.lambda$execute$0(AssignMutableWorkspaceStep.java:35)
	at org.gradle.api.internal.tasks.execution.TaskExecution$4.withWorkspace(TaskExecution.java:289)
	at org.gradle.internal.execution.steps.AssignMutableWorkspaceStep.execute(AssignMutableWorkspaceStep.java:31)
	at org.gradle.internal.execution.steps.AssignMutableWorkspaceStep.execute(AssignMutableWorkspaceStep.java:22)
	at org.gradle.internal.execution.steps.ChoosePipelineStep.execute(ChoosePipelineStep.java:40)
	at org.gradle.internal.execution.steps.ChoosePipelineStep.execute(ChoosePipelineStep.java:23)
	at org.gradle.internal.execution.steps.ExecuteWorkBuildOperationFiringStep.lambda$execute$2(ExecuteWorkBuildOperationFiringStep.java:67)
	at org.gradle.internal.execution.steps.ExecuteWorkBuildOperationFiringStep.execute(ExecuteWorkBuildOperationFiringStep.java:67)
	at org.gradle.internal.execution.steps.ExecuteWorkBuildOperationFiringStep.execute(ExecuteWorkBuildOperationFiringStep.java:39)
	at org.gradle.internal.execution.steps.IdentityCacheStep.execute(IdentityCacheStep.java:46)
	at org.gradle.internal.execution.steps.IdentityCacheStep.execute(IdentityCacheStep.java:34)
	at org.gradle.internal.execution.steps.IdentifyStep.execute(IdentifyStep.java:47)
	at org.gradle.internal.execution.steps.IdentifyStep.execute(IdentifyStep.java:34)
	at org.gradle.internal.execution.impl.DefaultExecutionEngine$1.execute(DefaultExecutionEngine.java:64)
	at org.gradle.api.internal.tasks.execution.ExecuteActionsTaskExecuter.executeIfValid(ExecuteActionsTaskExecuter.java:127)
	at org.gradle.api.internal.tasks.execution.ExecuteActionsTaskExecuter.execute(ExecuteActionsTaskExecuter.java:116)
	at org.gradle.api.internal.tasks.execution.ProblemsTaskPathTrackingTaskExecuter.execute(ProblemsTaskPathTrackingTaskExecuter.java:41)
	at org.gradle.api.internal.tasks.execution.FinalizePropertiesTaskExecuter.execute(FinalizePropertiesTaskExecuter.java:46)
	at org.gradle.api.internal.tasks.execution.ResolveTaskExecutionModeExecuter.execute(ResolveTaskExecutionModeExecuter.java:51)
	at org.gradle.api.internal.tasks.execution.SkipTaskWithNoActionsExecuter.execute(SkipTaskWithNoActionsExecuter.java:57)
	at org.gradle.api.internal.tasks.execution.SkipOnlyIfTaskExecuter.execute(SkipOnlyIfTaskExecuter.java:74)
	at org.gradle.api.internal.tasks.execution.CatchExceptionTaskExecuter.execute(CatchExceptionTaskExecuter.java:36)
	at org.gradle.api.internal.tasks.execution.EventFiringTaskExecuter$1.executeTask(EventFiringTaskExecuter.java:77)
	at org.gradle.api.internal.tasks.execution.EventFiringTaskExecuter$1.call(EventFiringTaskExecuter.java:55)
	at org.gradle.api.internal.tasks.execution.EventFiringTaskExecuter$1.call(EventFiringTaskExecuter.java:52)
	at org.gradle.internal.operations.DefaultBuildOperationRunner$CallableBuildOperationWorker.execute(DefaultBuildOperationRunner.java:209)
	at org.gradle.internal.operations.DefaultBuildOperationRunner$CallableBuildOperationWorker.execute(DefaultBuildOperationRunner.java:204)
	at org.gradle.internal.operations.DefaultBuildOperationRunner$2.execute(DefaultBuildOperationRunner.java:66)
	at org.gradle.internal.operations.DefaultBuildOperationRunner$2.execute(DefaultBuildOperationRunner.java:59)
	at org.gradle.internal.operations.DefaultBuildOperationRunner.execute(DefaultBuildOperationRunner.java:166)
	at org.gradle.internal.operations.DefaultBuildOperationRunner.execute(DefaultBuildOperationRunner.java:59)
	at org.gradle.internal.operations.DefaultBuildOperationRunner.call(DefaultBuildOperationRunner.java:53)
	at org.gradle.api.internal.tasks.execution.EventFiringTaskExecuter.execute(EventFiringTaskExecuter.java:52)
	at org.gradle.execution.plan.LocalTaskNodeExecutor.execute(LocalTaskNodeExecutor.java:42)
	at org.gradle.execution.taskgraph.DefaultTaskExecutionGraph$InvokeNodeExecutorsAction.execute(DefaultTaskExecutionGraph.java:331)
	at org.gradle.execution.taskgraph.DefaultTaskExecutionGraph$InvokeNodeExecutorsAction.execute(DefaultTaskExecutionGraph.java:318)
	at org.gradle.execution.taskgraph.DefaultTaskExecutionGraph$BuildOperationAwareExecutionAction.lambda$execute$0(DefaultTaskExecutionGraph.java:314)
	at org.gradle.internal.operations.CurrentBuildOperationRef.with(CurrentBuildOperationRef.java:84)
	at org.gradle.execution.taskgraph.DefaultTaskExecutionGraph$BuildOperationAwareExecutionAction.execute(DefaultTaskExecutionGraph.java:314)
	at org.gradle.execution.taskgraph.DefaultTaskExecutionGraph$BuildOperationAwareExecutionAction.execute(DefaultTaskExecutionGraph.java:303)
	at org.gradle.execution.plan.DefaultPlanExecutor$ExecutorWorker.execute(DefaultPlanExecutor.java:459)
	at org.gradle.execution.plan.DefaultPlanExecutor$ExecutorWorker.run(DefaultPlanExecutor.java:376)
	at org.gradle.internal.concurrent.ExecutorPolicy$CatchAndRecordFailures.onExecute(ExecutorPolicy.java:64)
	at org.gradle.internal.concurrent.AbstractManagedExecutor$1.run(AbstractManagedExecutor.java:47)


Deprecated Gradle features were used in this build, making it incompatible with Gradle 10.0.

You can use '--warning-mode all' to show the individual deprecation warnings and determine if they come from your own scripts or plugins.

For more on this, please refer to https://docs.gradle.org/9.0-milestone-1/userguide/command_line_interface.html#sec:command_line_warnings in the Gradle documentation.

BUILD FAILED in 917ms
1 actionable task: 1 executed
